<?xml version="1.0" encoding="UTF-8"?>
<testsuite name="dev.wan.geometrytests.GeometryTests" tests="4" skipped="0" failures="0" errors="0" timestamp="2021-02-09T22:10:28" hostname="Xians-MacBook-Pro.local" time="0.108">
  <properties/>
  <testcase name="distance_test_1()" classname="dev.wan.geometrytests.GeometryTests" time="0.056"/>
  <testcase name="area_square_test_1()" classname="dev.wan.geometrytests.GeometryTests" time="0.001"/>
  <testcase name="something()" classname="dev.wan.geometrytests.GeometryTests" time="0.021"/>
  <testcase name="area_circle_test_1()" classname="dev.wan.geometrytests.GeometryTests" time="0.024"/>
  <system-out><![CDATA[test
]]></system-out>
  <system-err><![CDATA[]]></system-err>
</testsuite>
