<?xml version="1.0" encoding="UTF-8"?>
<testsuite name="dev.wan.utiltests.ConnectionTest" tests="1" skipped="0" failures="0" errors="0" timestamp="2021-02-18T19:29:25" hostname="Xians-MacBook-Pro.local" time="0.044">
  <properties/>
  <testcase name="get_env_var()" classname="dev.wan.utiltests.ConnectionTest" time="0.044"/>
  <system-out><![CDATA[hi
]]></system-out>
  <system-err><![CDATA[]]></system-err>
</testsuite>
