<?xml version="1.0" encoding="UTF-8"?>
<testsuite name="dev.wan.daotests.BookDaoTest" tests="5" skipped="0" failures="0" errors="0" timestamp="2021-02-13T00:53:17" hostname="Xians-MacBook-Pro.local" time="0.118">
  <properties/>
  <testcase name="createBookTest()" classname="dev.wan.daotests.BookDaoTest" time="0.085"/>
  <testcase name="get_book_by_id()" classname="dev.wan.daotests.BookDaoTest" time="0.01"/>
  <testcase name="update_book()" classname="dev.wan.daotests.BookDaoTest" time="0.002"/>
  <testcase name="get_all_books()" classname="dev.wan.daotests.BookDaoTest" time="0.003"/>
  <testcase name="delete_book_by_id()" classname="dev.wan.daotests.BookDaoTest" time="0.003"/>
  <system-out><![CDATA[Book{bookId=1, title='Tom's autobiography', author='Tom', condition=2, available=true, dueDate=0}
Book{bookId=2, title='Not Tom's Bio', author='Tom', condition=2, available=true, dueDate=0}
 INFO [Test worker] (BookDaoTest.java:37) - creating book test
]]></system-out>
  <system-err><![CDATA[]]></system-err>
</testsuite>
